Determining if the include file pthread.h exists failed with the following output:
Change Dir: D:/Dropbox/pbrt-v3/build/CMakeFiles/CMakeTmp

Run Build Command(s):C:/Program Files (x86)/Microsoft Visual Studio/2019/Community/MSBuild/Current/Bin/MSBuild.exe cmTC_1cf35.vcxproj /p:Configuration=Debug /p:Platform=x64 /p:VisualStudioVersion=16.0 /v:m && Microsoft (R) Build Engine version 16.3.2+e481bbf88 for .NET Framework
Copyright (C) Microsoft Corporation. All rights reserved.

  Microsoft (R) C/C++ Optimizing Compiler Version 19.23.28107 for x64
  CheckIncludeFile.c
  Copyright (C) Microsoft Corporation.  All rights reserved.
  cl /c /Zi /W3 /WX- /diagnostics:column /Od /Ob0 /D WIN32 /D _WINDOWS /D "CMAKE_INTDIR=\"Debug\"" /D _MBCS /Gm- /RTC1 /MDd /GS /fp:precise /Zc:wchar_t /Zc:forScope /Zc:inline /Fo"cmTC_1cf35.dir\Debug\\" /Fd"cmTC_1cf35.dir\Debug\vc142.pdb" /Gd /TC /errorReport:queue "D:\Dropbox\pbrt-v3\build\CMakeFiles\CMakeTmp\CheckIncludeFile.c"
D:\Dropbox\pbrt-v3\build\CMakeFiles\CMakeTmp\CheckIncludeFile.c(1,10): fatal error C1083: Cannot open include file: 'pthread.h': No such file or directory [D:\Dropbox\pbrt-v3\build\CMakeFiles\CMakeTmp\cmTC_1cf35.vcxproj]



Determining if files alloca.h exist failed with the following output:
Change Dir: D:/Dropbox/pbrt-v3/build/CMakeFiles/CMakeTmp

Run Build Command(s):C:/Program Files (x86)/Microsoft Visual Studio/2019/Community/MSBuild/Current/Bin/MSBuild.exe cmTC_6cd22.vcxproj /p:Configuration=Debug /p:Platform=x64 /p:VisualStudioVersion=16.0 /v:m && Microsoft (R) Build Engine version 16.3.2+e481bbf88 for .NET Framework
Copyright (C) Microsoft Corporation. All rights reserved.

  Microsoft (R) C/C++ Optimizing Compiler Version 19.23.28107 for x64
  HAVE_ALLOCA_H.c
  Copyright (C) Microsoft Corporation.  All rights reserved.
  cl /c /Zi /W3 /WX- /diagnostics:column /Od /Ob0 /D WIN32 /D _WINDOWS /D "CMAKE_INTDIR=\"Debug\"" /D _MBCS /Gm- /RTC1 /MDd /GS /fp:precise /Zc:wchar_t /Zc:forScope /Zc:inline /Fo"cmTC_6cd22.dir\Debug\\" /Fd"cmTC_6cd22.dir\Debug\vc142.pdb" /Gd /TC /errorReport:queue "D:\Dropbox\pbrt-v3\build\CMakeFiles\CheckIncludeFiles\HAVE_ALLOCA_H.c"
D:\Dropbox\pbrt-v3\build\CMakeFiles\CheckIncludeFiles\HAVE_ALLOCA_H.c(2,10): fatal error C1083: Cannot open include file: 'alloca.h': No such file or directory [D:\Dropbox\pbrt-v3\build\CMakeFiles\CMakeTmp\cmTC_6cd22.vcxproj]


Source:
/* */
#include <alloca.h>


int main(void){return 0;}

Performing C++ SOURCE FILE Test HAVE_ITIMER failed with the following output:
Change Dir: D:/Dropbox/pbrt-v3/build/CMakeFiles/CMakeTmp

Run Build Command(s):C:/Program Files (x86)/Microsoft Visual Studio/2019/Community/MSBuild/Current/Bin/MSBuild.exe cmTC_499c1.vcxproj /p:Configuration=Debug /p:Platform=x64 /p:VisualStudioVersion=16.0 /v:m && Microsoft (R) Build Engine version 16.3.2+e481bbf88 for .NET Framework
Copyright (C) Microsoft Corporation. All rights reserved.

  Microsoft (R) C/C++ Optimizing Compiler Version 19.23.28107 for x64
  src.cxx
  Copyright (C) Microsoft Corporation.  All rights reserved.
  cl /c /Zi /W3 /WX- /diagnostics:column /Od /Ob0 /D WIN32 /D _WINDOWS /D HAVE_ITIMER /D "CMAKE_INTDIR=\"Debug\"" /D _MBCS /Gm- /EHsc /RTC1 /MDd /GS /fp:precise /Zc:wchar_t /Zc:forScope /Zc:inline /GR /Fo"cmTC_499c1.dir\Debug\\" /Fd"cmTC_499c1.dir\Debug\vc142.pdb" /Gd /TP /errorReport:queue "D:\Dropbox\pbrt-v3\build\CMakeFiles\CMakeTmp\src.cxx"
D:\Dropbox\pbrt-v3\build\CMakeFiles\CMakeTmp\src.cxx(4,10): fatal error C1083: Cannot open include file: 'sys/time.h': No such file or directory [D:\Dropbox\pbrt-v3\build\CMakeFiles\CMakeTmp\cmTC_499c1.vcxproj]


...and run output:

Return value: 1
Source file was:

#include <signal.h>
#include <string.h>
#include <sys/time.h>
void ReportProfileSample(int, siginfo_t *, void *) { }
int main() {
    struct sigaction sa;
    memset(&sa, 0, sizeof(sa));
    sa.sa_sigaction = ReportProfileSample;
    sa.sa_flags = SA_RESTART | SA_SIGINFO;
    sigemptyset(&sa.sa_mask);
    sigaction(SIGPROF, &sa, NULL);
    static struct itimerval timer;
    return setitimer(ITIMER_PROF, &timer, NULL) == 0 ? 0 : 1;
}

Performing C++ SOURCE FILE Test HAVE_MMAP failed with the following output:
Change Dir: D:/Dropbox/pbrt-v3/build/CMakeFiles/CMakeTmp

Run Build Command(s):C:/Program Files (x86)/Microsoft Visual Studio/2019/Community/MSBuild/Current/Bin/MSBuild.exe cmTC_13e52.vcxproj /p:Configuration=Debug /p:Platform=x64 /p:VisualStudioVersion=16.0 /v:m && Microsoft (R) Build Engine version 16.3.2+e481bbf88 for .NET Framework
Copyright (C) Microsoft Corporation. All rights reserved.

  Microsoft (R) C/C++ Optimizing Compiler Version 19.23.28107 for x64
  src.cxx
  Copyright (C) Microsoft Corporation.  All rights reserved.
  cl /c /Zi /W3 /WX- /diagnostics:column /Od /Ob0 /D WIN32 /D _WINDOWS /D HAVE_MMAP /D "CMAKE_INTDIR=\"Debug\"" /D _MBCS /Gm- /EHsc /RTC1 /MDd /GS /fp:precise /Zc:wchar_t /Zc:forScope /Zc:inline /GR /Fo"cmTC_13e52.dir\Debug\\" /Fd"cmTC_13e52.dir\Debug\vc142.pdb" /Gd /TP /errorReport:queue "D:\Dropbox\pbrt-v3\build\CMakeFiles\CMakeTmp\src.cxx"
D:\Dropbox\pbrt-v3\build\CMakeFiles\CMakeTmp\src.cxx(3,10): fatal error C1083: Cannot open include file: 'sys/mman.h': No such file or directory [D:\Dropbox\pbrt-v3\build\CMakeFiles\CMakeTmp\cmTC_13e52.vcxproj]


Source file was:

#include <fcntl.h>
#include <sys/mman.h>
#include <sys/stat.h>
#include <sys/types.h>
int main() {
   int fd = open("foo", O_RDONLY);
   struct stat s;
   fstat(fd, &s);
   size_t len = s.st_size;
   void *ptr = mmap(0, len, PROT_READ, MAP_FILE | MAP_SHARED, fd, 0);
   munmap(ptr, len);   
}

Performing C++ SOURCE FILE Test HAVE_ATTRIBUTE_NOINLINE failed with the following output:
Change Dir: D:/Dropbox/pbrt-v3/build/CMakeFiles/CMakeTmp

Run Build Command(s):C:/Program Files (x86)/Microsoft Visual Studio/2019/Community/MSBuild/Current/Bin/MSBuild.exe cmTC_dc72a.vcxproj /p:Configuration=Debug /p:Platform=x64 /p:VisualStudioVersion=16.0 /v:m && Microsoft (R) Build Engine version 16.3.2+e481bbf88 for .NET Framework
Copyright (C) Microsoft Corporation. All rights reserved.

  Microsoft (R) C/C++ Optimizing Compiler Version 19.23.28107 for x64
  src.cxx
  Copyright (C) Microsoft Corporation.  All rights reserved.
  cl /c /Zi /W3 /WX- /diagnostics:column /Od /Ob0 /D WIN32 /D _WINDOWS /D HAVE_ATTRIBUTE_NOINLINE /D "CMAKE_INTDIR=\"Debug\"" /D _MBCS /Gm- /EHsc /RTC1 /MDd /GS /fp:precise /Zc:wchar_t /Zc:forScope /Zc:inline /GR /Fo"cmTC_dc72a.dir\Debug\\" /Fd"cmTC_dc72a.dir\Debug\vc142.pdb" /Gd /TP /errorReport:queue "D:\Dropbox\pbrt-v3\build\CMakeFiles\CMakeTmp\src.cxx"
D:\Dropbox\pbrt-v3\build\CMakeFiles\CMakeTmp\src.cxx(1,16): error C2065: 'noinline': undeclared identifier [D:\Dropbox\pbrt-v3\build\CMakeFiles\CMakeTmp\cmTC_dc72a.vcxproj]
D:\Dropbox\pbrt-v3\build\CMakeFiles\CMakeTmp\src.cxx(1,25): error C4430: missing type specifier - int assumed. Note: C++ does not support default-int [D:\Dropbox\pbrt-v3\build\CMakeFiles\CMakeTmp\cmTC_dc72a.vcxproj]
D:\Dropbox\pbrt-v3\build\CMakeFiles\CMakeTmp\src.cxx(1,32): error C2448: '__attribute__': function-style initializer appears to be a function definition [D:\Dropbox\pbrt-v3\build\CMakeFiles\CMakeTmp\cmTC_dc72a.vcxproj]


Source file was:
__attribute__((noinline)) void foo() { }
int main() { }
Performing C++ SOURCE FILE Test HAVE_POSIX_MEMALIGN failed with the following output:
Change Dir: D:/Dropbox/pbrt-v3/build/CMakeFiles/CMakeTmp

Run Build Command(s):C:/Program Files (x86)/Microsoft Visual Studio/2019/Community/MSBuild/Current/Bin/MSBuild.exe cmTC_6cd90.vcxproj /p:Configuration=Debug /p:Platform=x64 /p:VisualStudioVersion=16.0 /v:m && Microsoft (R) Build Engine version 16.3.2+e481bbf88 for .NET Framework
Copyright (C) Microsoft Corporation. All rights reserved.

  Microsoft (R) C/C++ Optimizing Compiler Version 19.23.28107 for x64
  src.cxx
  Copyright (C) Microsoft Corporation.  All rights reserved.
  cl /c /Zi /W3 /WX- /diagnostics:column /Od /Ob0 /D WIN32 /D _WINDOWS /D HAVE_POSIX_MEMALIGN /D "CMAKE_INTDIR=\"Debug\"" /D _MBCS /Gm- /EHsc /RTC1 /MDd /GS /fp:precise /Zc:wchar_t /Zc:forScope /Zc:inline /GR /Fo"cmTC_6cd90.dir\Debug\\" /Fd"cmTC_6cd90.dir\Debug\vc142.pdb" /Gd /TP /errorReport:queue "D:\Dropbox\pbrt-v3\build\CMakeFiles\CMakeTmp\src.cxx"
D:\Dropbox\pbrt-v3\build\CMakeFiles\CMakeTmp\src.cxx(5,3): error C3861: 'posix_memalign': identifier not found [D:\Dropbox\pbrt-v3\build\CMakeFiles\CMakeTmp\cmTC_6cd90.vcxproj]


Source file was:

#include <stdlib.h>
int main() {
  void *ptr;
  posix_memalign(&ptr, 32, 1024);
} 
Performing C++ SOURCE FILE Test HAVE_MEMALIGN failed with the following output:
Change Dir: D:/Dropbox/pbrt-v3/build/CMakeFiles/CMakeTmp

Run Build Command(s):C:/Program Files (x86)/Microsoft Visual Studio/2019/Community/MSBuild/Current/Bin/MSBuild.exe cmTC_3edf4.vcxproj /p:Configuration=Debug /p:Platform=x64 /p:VisualStudioVersion=16.0 /v:m && Microsoft (R) Build Engine version 16.3.2+e481bbf88 for .NET Framework
Copyright (C) Microsoft Corporation. All rights reserved.

  Microsoft (R) C/C++ Optimizing Compiler Version 19.23.28107 for x64
  src.cxx
  Copyright (C) Microsoft Corporation.  All rights reserved.
  cl /c /Zi /W3 /WX- /diagnostics:column /Od /Ob0 /D WIN32 /D _WINDOWS /D HAVE_MEMALIGN /D "CMAKE_INTDIR=\"Debug\"" /D _MBCS /Gm- /EHsc /RTC1 /MDd /GS /fp:precise /Zc:wchar_t /Zc:forScope /Zc:inline /GR /Fo"cmTC_3edf4.dir\Debug\\" /Fd"cmTC_3edf4.dir\Debug\vc142.pdb" /Gd /TP /errorReport:queue "D:\Dropbox\pbrt-v3\build\CMakeFiles\CMakeTmp\src.cxx"
D:\Dropbox\pbrt-v3\build\CMakeFiles\CMakeTmp\src.cxx(4,17): error C3861: 'memalign': identifier not found [D:\Dropbox\pbrt-v3\build\CMakeFiles\CMakeTmp\cmTC_3edf4.vcxproj]


Source file was:

#include <malloc.h>
int main() {
    void *ptr = memalign(32, 1024);
} 
Performing C++ SOURCE FILE Test HAVE___THREAD failed with the following output:
Change Dir: D:/Dropbox/pbrt-v3/build/CMakeFiles/CMakeTmp

Run Build Command(s):C:/Program Files (x86)/Microsoft Visual Studio/2019/Community/MSBuild/Current/Bin/MSBuild.exe cmTC_67889.vcxproj /p:Configuration=Debug /p:Platform=x64 /p:VisualStudioVersion=16.0 /v:m && Microsoft (R) Build Engine version 16.3.2+e481bbf88 for .NET Framework
Copyright (C) Microsoft Corporation. All rights reserved.

  Microsoft (R) C/C++ Optimizing Compiler Version 19.23.28107 for x64
  src.cxx
  Copyright (C) Microsoft Corporation.  All rights reserved.
  cl /c /Zi /W3 /WX- /diagnostics:column /Od /Ob0 /D WIN32 /D _WINDOWS /D HAVE___THREAD /D "CMAKE_INTDIR=\"Debug\"" /D _MBCS /Gm- /EHsc /RTC1 /MDd /GS /fp:precise /Zc:wchar_t /Zc:forScope /Zc:inline /GR /Fo"cmTC_67889.dir\Debug\\" /Fd"cmTC_67889.dir\Debug\vc142.pdb" /Gd /TP /errorReport:queue "D:\Dropbox\pbrt-v3\build\CMakeFiles\CMakeTmp\src.cxx"
D:\Dropbox\pbrt-v3\build\CMakeFiles\CMakeTmp\src.cxx(2,10): error C2144: syntax error: 'int' should be preceded by ';' [D:\Dropbox\pbrt-v3\build\CMakeFiles\CMakeTmp\cmTC_67889.vcxproj]
D:\Dropbox\pbrt-v3\build\CMakeFiles\CMakeTmp\src.cxx(2,14): error C4430: missing type specifier - int assumed. Note: C++ does not support default-int [D:\Dropbox\pbrt-v3\build\CMakeFiles\CMakeTmp\cmTC_67889.vcxproj]


Source file was:

__thread int x; int main() { }

Determining size of off64_t failed with the following output:
Change Dir: D:/Dropbox/pbrt-v3/build/CMakeFiles/CMakeTmp

Run Build Command(s):C:/Program Files (x86)/Microsoft Visual Studio/2019/Community/MSBuild/Current/Bin/MSBuild.exe cmTC_f79a1.vcxproj /p:Configuration=Debug /p:Platform=x64 /p:VisualStudioVersion=16.0 /v:m && Microsoft (R) Build Engine version 16.3.2+e481bbf88 for .NET Framework
Copyright (C) Microsoft Corporation. All rights reserved.

  Microsoft (R) C/C++ Optimizing Compiler Version 19.23.28107 for x64
  OFF64_T.c
  Copyright (C) Microsoft Corporation.  All rights reserved.
  cl /c /Zi /W3 /WX- /diagnostics:column /Od /Ob0 /D WIN32 /D _WINDOWS /D _LARGEFILE64_SOURCE=1 /D HAVE_SYS_TYPES_H /D HAVE_STDINT_H /D HAVE_STDDEF_H /D "CMAKE_INTDIR=\"Debug\"" /D _MBCS /Gm- /RTC1 /MDd /GS /fp:precise /Zc:wchar_t /Zc:forScope /Zc:inline /Fo"cmTC_f79a1.dir\Debug\\" /Fd"cmTC_f79a1.dir\Debug\vc142.pdb" /Gd /TC /errorReport:queue "D:\Dropbox\pbrt-v3\build\CMakeFiles\CheckTypeSize\OFF64_T.c"
D:\Dropbox\pbrt-v3\build\CMakeFiles\CheckTypeSize\OFF64_T.c(25,12): error C2065: 'off64_t': undeclared identifier [D:\Dropbox\pbrt-v3\build\CMakeFiles\CMakeTmp\cmTC_f79a1.vcxproj]
D:\Dropbox\pbrt-v3\build\CMakeFiles\CheckTypeSize\OFF64_T.c(26,12): error C2065: 'off64_t': undeclared identifier [D:\Dropbox\pbrt-v3\build\CMakeFiles\CMakeTmp\cmTC_f79a1.vcxproj]
D:\Dropbox\pbrt-v3\build\CMakeFiles\CheckTypeSize\OFF64_T.c(27,12): error C2065: 'off64_t': undeclared identifier [D:\Dropbox\pbrt-v3\build\CMakeFiles\CMakeTmp\cmTC_f79a1.vcxproj]
D:\Dropbox\pbrt-v3\build\CMakeFiles\CheckTypeSize\OFF64_T.c(28,12): error C2065: 'off64_t': undeclared identifier [D:\Dropbox\pbrt-v3\build\CMakeFiles\CMakeTmp\cmTC_f79a1.vcxproj]
D:\Dropbox\pbrt-v3\build\CMakeFiles\CheckTypeSize\OFF64_T.c(29,12): error C2065: 'off64_t': undeclared identifier [D:\Dropbox\pbrt-v3\build\CMakeFiles\CMakeTmp\cmTC_f79a1.vcxproj]


D:/Dropbox/pbrt-v3/build/CMakeFiles/CheckTypeSize/OFF64_T.c:
#include <sys/types.h>
#include <stdint.h>
#include <stddef.h>


#undef KEY
#if defined(__i386)
# define KEY '_','_','i','3','8','6'
#elif defined(__x86_64)
# define KEY '_','_','x','8','6','_','6','4'
#elif defined(__ppc__)
# define KEY '_','_','p','p','c','_','_'
#elif defined(__ppc64__)
# define KEY '_','_','p','p','c','6','4','_','_'
#elif defined(__aarch64__)
# define KEY '_','_','a','a','r','c','h','6','4','_','_'
#elif defined(__ARM_ARCH_7A__)
# define KEY '_','_','A','R','M','_','A','R','C','H','_','7','A','_','_'
#elif defined(__ARM_ARCH_7S__)
# define KEY '_','_','A','R','M','_','A','R','C','H','_','7','S','_','_'
#endif

#define SIZE (sizeof(off64_t))
static char info_size[] =  {'I', 'N', 'F', 'O', ':', 's','i','z','e','[',
  ('0' + ((SIZE / 10000)%10)),
  ('0' + ((SIZE / 1000)%10)),
  ('0' + ((SIZE / 100)%10)),
  ('0' + ((SIZE / 10)%10)),
  ('0' +  (SIZE    % 10)),
  ']',
#ifdef KEY
  ' ','k','e','y','[', KEY, ']',
#endif
  '\0'};

#ifdef __CLASSIC_C__
int main(argc, argv) int argc; char *argv[];
#else
int main(int argc, char *argv[])
#endif
{
  int require = 0;
  require += info_size[argc];
  (void)argv;
  return require;
}


Determining if the function fseeko exists failed with the following output:
Change Dir: D:/Dropbox/pbrt-v3/build/CMakeFiles/CMakeTmp

Run Build Command(s):C:/Program Files (x86)/Microsoft Visual Studio/2019/Community/MSBuild/Current/Bin/MSBuild.exe cmTC_a3064.vcxproj /p:Configuration=Debug /p:Platform=x64 /p:VisualStudioVersion=16.0 /v:m && Microsoft (R) Build Engine version 16.3.2+e481bbf88 for .NET Framework
Copyright (C) Microsoft Corporation. All rights reserved.

  Microsoft (R) C/C++ Optimizing Compiler Version 19.23.28107 for x64
  CheckFunctionExists.c
  Copyright (C) Microsoft Corporation.  All rights reserved.
  cl /c /Zi /W3 /WX- /diagnostics:column /Od /Ob0 /D WIN32 /D _WINDOWS /D CHECK_FUNCTION_EXISTS=fseeko /D "CMAKE_INTDIR=\"Debug\"" /D _MBCS /Gm- /RTC1 /MDd /GS /fp:precise /Zc:wchar_t /Zc:forScope /Zc:inline /Fo"cmTC_a3064.dir\Debug\\" /Fd"cmTC_a3064.dir\Debug\vc142.pdb" /Gd /TC /errorReport:queue "C:\Program Files\CMake\share\cmake-3.16\Modules\CheckFunctionExists.c"
CheckFunctionExists.obj : error LNK2019: unresolved external symbol fseeko referenced in function main [D:\Dropbox\pbrt-v3\build\CMakeFiles\CMakeTmp\cmTC_a3064.vcxproj]
D:\Dropbox\pbrt-v3\build\CMakeFiles\CMakeTmp\Debug\cmTC_a3064.exe : fatal error LNK1120: 1 unresolved externals [D:\Dropbox\pbrt-v3\build\CMakeFiles\CMakeTmp\cmTC_a3064.vcxproj]



Determining if the include file unistd.h exists failed with the following output:
Change Dir: D:/Dropbox/pbrt-v3/build/CMakeFiles/CMakeTmp

Run Build Command(s):C:/Program Files (x86)/Microsoft Visual Studio/2019/Community/MSBuild/Current/Bin/MSBuild.exe cmTC_d7fb6.vcxproj /p:Configuration=Debug /p:Platform=x64 /p:VisualStudioVersion=16.0 /v:m && Microsoft (R) Build Engine version 16.3.2+e481bbf88 for .NET Framework
Copyright (C) Microsoft Corporation. All rights reserved.

  Microsoft (R) C/C++ Optimizing Compiler Version 19.23.28107 for x64
  CheckIncludeFile.c
  Copyright (C) Microsoft Corporation.  All rights reserved.
  cl /c /Zi /W3 /WX- /diagnostics:column /Od /Ob0 /D WIN32 /D _WINDOWS /D "CMAKE_INTDIR=\"Debug\"" /D _MBCS /Gm- /RTC1 /MDd /GS /fp:precise /Zc:wchar_t /Zc:forScope /Zc:inline /Fo"cmTC_d7fb6.dir\Debug\\" /Fd"cmTC_d7fb6.dir\Debug\vc142.pdb" /Gd /TC /errorReport:queue "D:\Dropbox\pbrt-v3\build\CMakeFiles\CMakeTmp\CheckIncludeFile.c"
D:\Dropbox\pbrt-v3\build\CMakeFiles\CMakeTmp\CheckIncludeFile.c(1,10): fatal error C1083: Cannot open include file: 'unistd.h': No such file or directory [D:\Dropbox\pbrt-v3\build\CMakeFiles\CMakeTmp\cmTC_d7fb6.vcxproj]



Performing C++ SOURCE FILE Test HAVE_GCC_INLINE_ASM_AVX failed with the following output:
Change Dir: D:/Dropbox/pbrt-v3/build/CMakeFiles/CMakeTmp

Run Build Command(s):C:/Program Files (x86)/Microsoft Visual Studio/2019/Community/MSBuild/Current/Bin/MSBuild.exe cmTC_03678.vcxproj /p:Configuration=Debug /p:Platform=x64 /p:VisualStudioVersion=16.0 /v:m && Microsoft (R) Build Engine version 16.3.2+e481bbf88 for .NET Framework
Copyright (C) Microsoft Corporation. All rights reserved.

  Microsoft (R) C/C++ Optimizing Compiler Version 19.23.28107 for x64
  src.cxx
  Copyright (C) Microsoft Corporation.  All rights reserved.
  cl /c /Zi /W3 /WX- /diagnostics:column /Od /Ob0 /D WIN32 /D _WINDOWS /D HAVE_GCC_INLINE_ASM_AVX /D "CMAKE_INTDIR=\"Debug\"" /D _MBCS /Gm- /EHsc /RTC1 /MDd /GS /fp:precise /Zc:wchar_t /Zc:forScope /Zc:inline /GR /Fo"cmTC_03678.dir\Debug\\" /Fd"cmTC_03678.dir\Debug\vc142.pdb" /Gd /TP /wd4275 /wd4267 /wd4244 /wd4477 /wd4996 /wd4800 /wd4334 /wd4251 /wd4305 /wd4302 /wd4311 /wd4018 /errorReport:queue "D:\Dropbox\pbrt-v3\build\CMakeFiles\CMakeTmp\src.cxx"
D:\Dropbox\pbrt-v3\build\CMakeFiles\CMakeTmp\src.cxx(13,1): fatal error C1189: #error:  No GCC style inline asm supported for AVX instructions [D:\Dropbox\pbrt-v3\build\CMakeFiles\CMakeTmp\cmTC_03678.vcxproj]


Source file was:

	int main()
	{
	 #if defined(__GNUC__) && defined(__SSE2__)
		 int n   = 0;
		 int eax = 0;
		 int edx = 0;
		 __asm__(
			 "xgetbv     ;"
			 "vzeroupper  "
			 : "=a"(eax), "=d"(edx) : "c"(n) : );
	 #else
		 #error No GCC style inline asm supported for AVX instructions
	 #endif
	}
	
Performing C++ SOURCE FILE Test HAVE_SYSCONF_NPROCESSORS_ONLN failed with the following output:
Change Dir: D:/Dropbox/pbrt-v3/build/CMakeFiles/CMakeTmp

Run Build Command(s):C:/Program Files (x86)/Microsoft Visual Studio/2019/Community/MSBuild/Current/Bin/MSBuild.exe cmTC_395c3.vcxproj /p:Configuration=Debug /p:Platform=x64 /p:VisualStudioVersion=16.0 /v:m && Microsoft (R) Build Engine version 16.3.2+e481bbf88 for .NET Framework
Copyright (C) Microsoft Corporation. All rights reserved.

  Microsoft (R) C/C++ Optimizing Compiler Version 19.23.28107 for x64
  src.cxx
  Copyright (C) Microsoft Corporation.  All rights reserved.
  cl /c /Zi /W3 /WX- /diagnostics:column /Od /Ob0 /D WIN32 /D _WINDOWS /D HAVE_SYSCONF_NPROCESSORS_ONLN /D "CMAKE_INTDIR=\"Debug\"" /D _MBCS /Gm- /EHsc /RTC1 /MDd /GS /fp:precise /Zc:wchar_t /Zc:forScope /Zc:inline /GR /Fo"cmTC_395c3.dir\Debug\\" /Fd"cmTC_395c3.dir\Debug\vc142.pdb" /Gd /TP /wd4275 /wd4267 /wd4244 /wd4477 /wd4996 /wd4800 /wd4334 /wd4251 /wd4305 /wd4302 /wd4311 /wd4018 /errorReport:queue "D:\Dropbox\pbrt-v3\build\CMakeFiles\CMakeTmp\src.cxx"
D:\Dropbox\pbrt-v3\build\CMakeFiles\CMakeTmp\src.cxx(2,14): fatal error C1083: Cannot open include file: 'unistd.h': No such file or directory [D:\Dropbox\pbrt-v3\build\CMakeFiles\CMakeTmp\cmTC_395c3.vcxproj]


Source file was:

    #include <unistd.h>
    int main()
    {
        sysconf(_SC_NPROCESSORS_ONLN);
    }
    
Determining if the include file dlfcn.h exists failed with the following output:
Change Dir: D:/Dropbox/pbrt-v3/build/CMakeFiles/CMakeTmp

Run Build Command(s):C:/Program Files (x86)/Microsoft Visual Studio/2019/Community/MSBuild/Current/Bin/MSBuild.exe cmTC_aaf11.vcxproj /p:Configuration=Debug /p:Platform=x64 /p:VisualStudioVersion=16.0 /v:m && Microsoft (R) Build Engine version 16.3.2+e481bbf88 for .NET Framework
Copyright (C) Microsoft Corporation. All rights reserved.

  Microsoft (R) C/C++ Optimizing Compiler Version 19.23.28107 for x64
  CheckIncludeFile.c
  Copyright (C) Microsoft Corporation.  All rights reserved.
  cl /c /Zi /W3 /WX- /diagnostics:column /Od /Ob0 /D WIN32 /D _WINDOWS /D "CMAKE_INTDIR=\"Debug\"" /D _MBCS /Gm- /RTC1 /MDd /GS /fp:precise /Zc:wchar_t /Zc:forScope /Zc:inline /Fo"cmTC_aaf11.dir\Debug\\" /Fd"cmTC_aaf11.dir\Debug\vc142.pdb" /Gd /TC /errorReport:queue "D:\Dropbox\pbrt-v3\build\CMakeFiles\CMakeTmp\CheckIncludeFile.c"
D:\Dropbox\pbrt-v3\build\CMakeFiles\CMakeTmp\CheckIncludeFile.c(1,10): fatal error C1083: Cannot open include file: 'dlfcn.h': No such file or directory [D:\Dropbox\pbrt-v3\build\CMakeFiles\CMakeTmp\cmTC_aaf11.vcxproj]



Determining if the include file execinfo.h exists failed with the following output:
Change Dir: D:/Dropbox/pbrt-v3/build/CMakeFiles/CMakeTmp

Run Build Command(s):C:/Program Files (x86)/Microsoft Visual Studio/2019/Community/MSBuild/Current/Bin/MSBuild.exe cmTC_56e51.vcxproj /p:Configuration=Debug /p:Platform=x64 /p:VisualStudioVersion=16.0 /v:m && Microsoft (R) Build Engine version 16.3.2+e481bbf88 for .NET Framework
Copyright (C) Microsoft Corporation. All rights reserved.

  Microsoft (R) C/C++ Optimizing Compiler Version 19.23.28107 for x64
  CheckIncludeFile.c
  Copyright (C) Microsoft Corporation.  All rights reserved.
  cl /c /Zi /W3 /WX- /diagnostics:column /Od /Ob0 /D WIN32 /D _WINDOWS /D "CMAKE_INTDIR=\"Debug\"" /D _MBCS /Gm- /RTC1 /MDd /GS /fp:precise /Zc:wchar_t /Zc:forScope /Zc:inline /Fo"cmTC_56e51.dir\Debug\\" /Fd"cmTC_56e51.dir\Debug\vc142.pdb" /Gd /TC /errorReport:queue "D:\Dropbox\pbrt-v3\build\CMakeFiles\CMakeTmp\CheckIncludeFile.c"
D:\Dropbox\pbrt-v3\build\CMakeFiles\CMakeTmp\CheckIncludeFile.c(1,10): fatal error C1083: Cannot open include file: 'execinfo.h': No such file or directory [D:\Dropbox\pbrt-v3\build\CMakeFiles\CMakeTmp\cmTC_56e51.vcxproj]



Determining if the include file glob.h exists failed with the following output:
Change Dir: D:/Dropbox/pbrt-v3/build/CMakeFiles/CMakeTmp

Run Build Command(s):C:/Program Files (x86)/Microsoft Visual Studio/2019/Community/MSBuild/Current/Bin/MSBuild.exe cmTC_7e8a1.vcxproj /p:Configuration=Debug /p:Platform=x64 /p:VisualStudioVersion=16.0 /v:m && Microsoft (R) Build Engine version 16.3.2+e481bbf88 for .NET Framework
Copyright (C) Microsoft Corporation. All rights reserved.

  Microsoft (R) C/C++ Optimizing Compiler Version 19.23.28107 for x64
  CheckIncludeFile.c
  Copyright (C) Microsoft Corporation.  All rights reserved.
  cl /c /Zi /W3 /WX- /diagnostics:column /Od /Ob0 /D WIN32 /D _WINDOWS /D "CMAKE_INTDIR=\"Debug\"" /D _MBCS /Gm- /RTC1 /MDd /GS /fp:precise /Zc:wchar_t /Zc:forScope /Zc:inline /Fo"cmTC_7e8a1.dir\Debug\\" /Fd"cmTC_7e8a1.dir\Debug\vc142.pdb" /Gd /TC /errorReport:queue "D:\Dropbox\pbrt-v3\build\CMakeFiles\CMakeTmp\CheckIncludeFile.c"
D:\Dropbox\pbrt-v3\build\CMakeFiles\CMakeTmp\CheckIncludeFile.c(1,10): fatal error C1083: Cannot open include file: 'glob.h': No such file or directory [D:\Dropbox\pbrt-v3\build\CMakeFiles\CMakeTmp\cmTC_7e8a1.vcxproj]



Determining if the include file libunwind.h exists failed with the following output:
Change Dir: D:/Dropbox/pbrt-v3/build/CMakeFiles/CMakeTmp

Run Build Command(s):C:/Program Files (x86)/Microsoft Visual Studio/2019/Community/MSBuild/Current/Bin/MSBuild.exe cmTC_01df5.vcxproj /p:Configuration=Debug /p:Platform=x64 /p:VisualStudioVersion=16.0 /v:m && Microsoft (R) Build Engine version 16.3.2+e481bbf88 for .NET Framework
Copyright (C) Microsoft Corporation. All rights reserved.

  Microsoft (R) C/C++ Optimizing Compiler Version 19.23.28107 for x64
  CheckIncludeFile.c
  Copyright (C) Microsoft Corporation.  All rights reserved.
  cl /c /Zi /W3 /WX- /diagnostics:column /Od /Ob0 /D WIN32 /D _WINDOWS /D "CMAKE_INTDIR=\"Debug\"" /D _MBCS /Gm- /RTC1 /MDd /GS /fp:precise /Zc:wchar_t /Zc:forScope /Zc:inline /Fo"cmTC_01df5.dir\Debug\\" /Fd"cmTC_01df5.dir\Debug\vc142.pdb" /Gd /TC /errorReport:queue "D:\Dropbox\pbrt-v3\build\CMakeFiles\CMakeTmp\CheckIncludeFile.c"
D:\Dropbox\pbrt-v3\build\CMakeFiles\CMakeTmp\CheckIncludeFile.c(1,10): fatal error C1083: Cannot open include file: 'libunwind.h': No such file or directory [D:\Dropbox\pbrt-v3\build\CMakeFiles\CMakeTmp\cmTC_01df5.vcxproj]



Determining if the include file pwd.h exists failed with the following output:
Change Dir: D:/Dropbox/pbrt-v3/build/CMakeFiles/CMakeTmp

Run Build Command(s):C:/Program Files (x86)/Microsoft Visual Studio/2019/Community/MSBuild/Current/Bin/MSBuild.exe cmTC_97ff2.vcxproj /p:Configuration=Debug /p:Platform=x64 /p:VisualStudioVersion=16.0 /v:m && Microsoft (R) Build Engine version 16.3.2+e481bbf88 for .NET Framework
Copyright (C) Microsoft Corporation. All rights reserved.

  Microsoft (R) C/C++ Optimizing Compiler Version 19.23.28107 for x64
  CheckIncludeFile.c
  Copyright (C) Microsoft Corporation.  All rights reserved.
  cl /c /Zi /W3 /WX- /diagnostics:column /Od /Ob0 /D WIN32 /D _WINDOWS /D "CMAKE_INTDIR=\"Debug\"" /D _MBCS /Gm- /RTC1 /MDd /GS /fp:precise /Zc:wchar_t /Zc:forScope /Zc:inline /Fo"cmTC_97ff2.dir\Debug\\" /Fd"cmTC_97ff2.dir\Debug\vc142.pdb" /Gd /TC /errorReport:queue "D:\Dropbox\pbrt-v3\build\CMakeFiles\CMakeTmp\CheckIncludeFile.c"
D:\Dropbox\pbrt-v3\build\CMakeFiles\CMakeTmp\CheckIncludeFile.c(1,10): fatal error C1083: Cannot open include file: 'pwd.h': No such file or directory [D:\Dropbox\pbrt-v3\build\CMakeFiles\CMakeTmp\cmTC_97ff2.vcxproj]



Determining if the include file strings.h exists failed with the following output:
Change Dir: D:/Dropbox/pbrt-v3/build/CMakeFiles/CMakeTmp

Run Build Command(s):C:/Program Files (x86)/Microsoft Visual Studio/2019/Community/MSBuild/Current/Bin/MSBuild.exe cmTC_ecd12.vcxproj /p:Configuration=Debug /p:Platform=x64 /p:VisualStudioVersion=16.0 /v:m && Microsoft (R) Build Engine version 16.3.2+e481bbf88 for .NET Framework
Copyright (C) Microsoft Corporation. All rights reserved.

  Microsoft (R) C/C++ Optimizing Compiler Version 19.23.28107 for x64
  CheckIncludeFile.c
  Copyright (C) Microsoft Corporation.  All rights reserved.
  cl /c /Zi /W3 /WX- /diagnostics:column /Od /Ob0 /D WIN32 /D _WINDOWS /D "CMAKE_INTDIR=\"Debug\"" /D _MBCS /Gm- /RTC1 /MDd /GS /fp:precise /Zc:wchar_t /Zc:forScope /Zc:inline /Fo"cmTC_ecd12.dir\Debug\\" /Fd"cmTC_ecd12.dir\Debug\vc142.pdb" /Gd /TC /errorReport:queue "D:\Dropbox\pbrt-v3\build\CMakeFiles\CMakeTmp\CheckIncludeFile.c"
D:\Dropbox\pbrt-v3\build\CMakeFiles\CMakeTmp\CheckIncludeFile.c(1,10): fatal error C1083: Cannot open include file: 'strings.h': No such file or directory [D:\Dropbox\pbrt-v3\build\CMakeFiles\CMakeTmp\cmTC_ecd12.vcxproj]



Determining if the include file sys/syscall.h exists failed with the following output:
Change Dir: D:/Dropbox/pbrt-v3/build/CMakeFiles/CMakeTmp

Run Build Command(s):C:/Program Files (x86)/Microsoft Visual Studio/2019/Community/MSBuild/Current/Bin/MSBuild.exe cmTC_787f6.vcxproj /p:Configuration=Debug /p:Platform=x64 /p:VisualStudioVersion=16.0 /v:m && Microsoft (R) Build Engine version 16.3.2+e481bbf88 for .NET Framework
Copyright (C) Microsoft Corporation. All rights reserved.

  Microsoft (R) C/C++ Optimizing Compiler Version 19.23.28107 for x64
  CheckIncludeFile.c
  Copyright (C) Microsoft Corporation.  All rights reserved.
  cl /c /Zi /W3 /WX- /diagnostics:column /Od /Ob0 /D WIN32 /D _WINDOWS /D "CMAKE_INTDIR=\"Debug\"" /D _MBCS /Gm- /RTC1 /MDd /GS /fp:precise /Zc:wchar_t /Zc:forScope /Zc:inline /Fo"cmTC_787f6.dir\Debug\\" /Fd"cmTC_787f6.dir\Debug\vc142.pdb" /Gd /TC /errorReport:queue "D:\Dropbox\pbrt-v3\build\CMakeFiles\CMakeTmp\CheckIncludeFile.c"
D:\Dropbox\pbrt-v3\build\CMakeFiles\CMakeTmp\CheckIncludeFile.c(1,10): fatal error C1083: Cannot open include file: 'sys/syscall.h': No such file or directory [D:\Dropbox\pbrt-v3\build\CMakeFiles\CMakeTmp\cmTC_787f6.vcxproj]



Determining if the include file sys/time.h exists failed with the following output:
Change Dir: D:/Dropbox/pbrt-v3/build/CMakeFiles/CMakeTmp

Run Build Command(s):C:/Program Files (x86)/Microsoft Visual Studio/2019/Community/MSBuild/Current/Bin/MSBuild.exe cmTC_faadf.vcxproj /p:Configuration=Debug /p:Platform=x64 /p:VisualStudioVersion=16.0 /v:m && Microsoft (R) Build Engine version 16.3.2+e481bbf88 for .NET Framework
Copyright (C) Microsoft Corporation. All rights reserved.

  Microsoft (R) C/C++ Optimizing Compiler Version 19.23.28107 for x64
  CheckIncludeFile.c
  Copyright (C) Microsoft Corporation.  All rights reserved.
  cl /c /Zi /W3 /WX- /diagnostics:column /Od /Ob0 /D WIN32 /D _WINDOWS /D "CMAKE_INTDIR=\"Debug\"" /D _MBCS /Gm- /RTC1 /MDd /GS /fp:precise /Zc:wchar_t /Zc:forScope /Zc:inline /Fo"cmTC_faadf.dir\Debug\\" /Fd"cmTC_faadf.dir\Debug\vc142.pdb" /Gd /TC /errorReport:queue "D:\Dropbox\pbrt-v3\build\CMakeFiles\CMakeTmp\CheckIncludeFile.c"
D:\Dropbox\pbrt-v3\build\CMakeFiles\CMakeTmp\CheckIncludeFile.c(1,10): fatal error C1083: Cannot open include file: 'sys/time.h': No such file or directory [D:\Dropbox\pbrt-v3\build\CMakeFiles\CMakeTmp\cmTC_faadf.vcxproj]



Determining if the include file sys/utsname.h exists failed with the following output:
Change Dir: D:/Dropbox/pbrt-v3/build/CMakeFiles/CMakeTmp

Run Build Command(s):C:/Program Files (x86)/Microsoft Visual Studio/2019/Community/MSBuild/Current/Bin/MSBuild.exe cmTC_e61d2.vcxproj /p:Configuration=Debug /p:Platform=x64 /p:VisualStudioVersion=16.0 /v:m && Microsoft (R) Build Engine version 16.3.2+e481bbf88 for .NET Framework
Copyright (C) Microsoft Corporation. All rights reserved.

  Microsoft (R) C/C++ Optimizing Compiler Version 19.23.28107 for x64
  CheckIncludeFile.c
  Copyright (C) Microsoft Corporation.  All rights reserved.
  cl /c /Zi /W3 /WX- /diagnostics:column /Od /Ob0 /D WIN32 /D _WINDOWS /D "CMAKE_INTDIR=\"Debug\"" /D _MBCS /Gm- /RTC1 /MDd /GS /fp:precise /Zc:wchar_t /Zc:forScope /Zc:inline /Fo"cmTC_e61d2.dir\Debug\\" /Fd"cmTC_e61d2.dir\Debug\vc142.pdb" /Gd /TC /errorReport:queue "D:\Dropbox\pbrt-v3\build\CMakeFiles\CMakeTmp\CheckIncludeFile.c"
D:\Dropbox\pbrt-v3\build\CMakeFiles\CMakeTmp\CheckIncludeFile.c(1,10): fatal error C1083: Cannot open include file: 'sys/utsname.h': No such file or directory [D:\Dropbox\pbrt-v3\build\CMakeFiles\CMakeTmp\cmTC_e61d2.vcxproj]



Determining if the include file syscall.h exists failed with the following output:
Change Dir: D:/Dropbox/pbrt-v3/build/CMakeFiles/CMakeTmp

Run Build Command(s):C:/Program Files (x86)/Microsoft Visual Studio/2019/Community/MSBuild/Current/Bin/MSBuild.exe cmTC_4c3fe.vcxproj /p:Configuration=Debug /p:Platform=x64 /p:VisualStudioVersion=16.0 /v:m && Microsoft (R) Build Engine version 16.3.2+e481bbf88 for .NET Framework
Copyright (C) Microsoft Corporation. All rights reserved.

  Microsoft (R) C/C++ Optimizing Compiler Version 19.23.28107 for x64
  CheckIncludeFile.c
  Copyright (C) Microsoft Corporation.  All rights reserved.
  cl /c /Zi /W3 /WX- /diagnostics:column /Od /Ob0 /D WIN32 /D _WINDOWS /D "CMAKE_INTDIR=\"Debug\"" /D _MBCS /Gm- /RTC1 /MDd /GS /fp:precise /Zc:wchar_t /Zc:forScope /Zc:inline /Fo"cmTC_4c3fe.dir\Debug\\" /Fd"cmTC_4c3fe.dir\Debug\vc142.pdb" /Gd /TC /errorReport:queue "D:\Dropbox\pbrt-v3\build\CMakeFiles\CMakeTmp\CheckIncludeFile.c"
D:\Dropbox\pbrt-v3\build\CMakeFiles\CMakeTmp\CheckIncludeFile.c(1,10): fatal error C1083: Cannot open include file: 'syscall.h': No such file or directory [D:\Dropbox\pbrt-v3\build\CMakeFiles\CMakeTmp\cmTC_4c3fe.vcxproj]



Determining if the include file syslog.h exists failed with the following output:
Change Dir: D:/Dropbox/pbrt-v3/build/CMakeFiles/CMakeTmp

Run Build Command(s):C:/Program Files (x86)/Microsoft Visual Studio/2019/Community/MSBuild/Current/Bin/MSBuild.exe cmTC_495d0.vcxproj /p:Configuration=Debug /p:Platform=x64 /p:VisualStudioVersion=16.0 /v:m && Microsoft (R) Build Engine version 16.3.2+e481bbf88 for .NET Framework
Copyright (C) Microsoft Corporation. All rights reserved.

  Microsoft (R) C/C++ Optimizing Compiler Version 19.23.28107 for x64
  CheckIncludeFile.c
  Copyright (C) Microsoft Corporation.  All rights reserved.
  cl /c /Zi /W3 /WX- /diagnostics:column /Od /Ob0 /D WIN32 /D _WINDOWS /D "CMAKE_INTDIR=\"Debug\"" /D _MBCS /Gm- /RTC1 /MDd /GS /fp:precise /Zc:wchar_t /Zc:forScope /Zc:inline /Fo"cmTC_495d0.dir\Debug\\" /Fd"cmTC_495d0.dir\Debug\vc142.pdb" /Gd /TC /errorReport:queue "D:\Dropbox\pbrt-v3\build\CMakeFiles\CMakeTmp\CheckIncludeFile.c"
D:\Dropbox\pbrt-v3\build\CMakeFiles\CMakeTmp\CheckIncludeFile.c(1,10): fatal error C1083: Cannot open include file: 'syslog.h': No such file or directory [D:\Dropbox\pbrt-v3\build\CMakeFiles\CMakeTmp\cmTC_495d0.vcxproj]



Determining if the include file ucontext.h exists failed with the following output:
Change Dir: D:/Dropbox/pbrt-v3/build/CMakeFiles/CMakeTmp

Run Build Command(s):C:/Program Files (x86)/Microsoft Visual Studio/2019/Community/MSBuild/Current/Bin/MSBuild.exe cmTC_a344a.vcxproj /p:Configuration=Debug /p:Platform=x64 /p:VisualStudioVersion=16.0 /v:m && Microsoft (R) Build Engine version 16.3.2+e481bbf88 for .NET Framework
Copyright (C) Microsoft Corporation. All rights reserved.

  Microsoft (R) C/C++ Optimizing Compiler Version 19.23.28107 for x64
  CheckIncludeFile.c
  Copyright (C) Microsoft Corporation.  All rights reserved.
  cl /c /Zi /W3 /WX- /diagnostics:column /Od /Ob0 /D WIN32 /D _WINDOWS /D "CMAKE_INTDIR=\"Debug\"" /D _MBCS /Gm- /RTC1 /MDd /GS /fp:precise /Zc:wchar_t /Zc:forScope /Zc:inline /Fo"cmTC_a344a.dir\Debug\\" /Fd"cmTC_a344a.dir\Debug\vc142.pdb" /Gd /TC /errorReport:queue "D:\Dropbox\pbrt-v3\build\CMakeFiles\CMakeTmp\CheckIncludeFile.c"
D:\Dropbox\pbrt-v3\build\CMakeFiles\CMakeTmp\CheckIncludeFile.c(1,10): fatal error C1083: Cannot open include file: 'ucontext.h': No such file or directory [D:\Dropbox\pbrt-v3\build\CMakeFiles\CMakeTmp\cmTC_a344a.vcxproj]



Determining if the include file unistd.h exists failed with the following output:
Change Dir: D:/Dropbox/pbrt-v3/build/CMakeFiles/CMakeTmp

Run Build Command(s):C:/Program Files (x86)/Microsoft Visual Studio/2019/Community/MSBuild/Current/Bin/MSBuild.exe cmTC_e7ea2.vcxproj /p:Configuration=Debug /p:Platform=x64 /p:VisualStudioVersion=16.0 /v:m && Microsoft (R) Build Engine version 16.3.2+e481bbf88 for .NET Framework
Copyright (C) Microsoft Corporation. All rights reserved.

  Microsoft (R) C/C++ Optimizing Compiler Version 19.23.28107 for x64
  CheckIncludeFile.c
  Copyright (C) Microsoft Corporation.  All rights reserved.
  cl /c /Zi /W3 /WX- /diagnostics:column /Od /Ob0 /D WIN32 /D _WINDOWS /D "CMAKE_INTDIR=\"Debug\"" /D _MBCS /Gm- /RTC1 /MDd /GS /fp:precise /Zc:wchar_t /Zc:forScope /Zc:inline /Fo"cmTC_e7ea2.dir\Debug\\" /Fd"cmTC_e7ea2.dir\Debug\vc142.pdb" /Gd /TC /errorReport:queue "D:\Dropbox\pbrt-v3\build\CMakeFiles\CMakeTmp\CheckIncludeFile.c"
D:\Dropbox\pbrt-v3\build\CMakeFiles\CMakeTmp\CheckIncludeFile.c(1,10): fatal error C1083: Cannot open include file: 'unistd.h': No such file or directory [D:\Dropbox\pbrt-v3\build\CMakeFiles\CMakeTmp\cmTC_e7ea2.vcxproj]



Determining if the include file unwind.h exists failed with the following output:
Change Dir: D:/Dropbox/pbrt-v3/build/CMakeFiles/CMakeTmp

Run Build Command(s):C:/Program Files (x86)/Microsoft Visual Studio/2019/Community/MSBuild/Current/Bin/MSBuild.exe cmTC_d6895.vcxproj /p:Configuration=Debug /p:Platform=x64 /p:VisualStudioVersion=16.0 /v:m && Microsoft (R) Build Engine version 16.3.2+e481bbf88 for .NET Framework
Copyright (C) Microsoft Corporation. All rights reserved.

  Microsoft (R) C/C++ Optimizing Compiler Version 19.23.28107 for x64
  CheckIncludeFile.c
  Copyright (C) Microsoft Corporation.  All rights reserved.
  cl /c /Zi /W3 /WX- /diagnostics:column /Od /Ob0 /D WIN32 /D _WINDOWS /D "CMAKE_INTDIR=\"Debug\"" /D _MBCS /Gm- /RTC1 /MDd /GS /fp:precise /Zc:wchar_t /Zc:forScope /Zc:inline /Fo"cmTC_d6895.dir\Debug\\" /Fd"cmTC_d6895.dir\Debug\vc142.pdb" /Gd /TC /errorReport:queue "D:\Dropbox\pbrt-v3\build\CMakeFiles\CMakeTmp\CheckIncludeFile.c"
D:\Dropbox\pbrt-v3\build\CMakeFiles\CMakeTmp\CheckIncludeFile.c(1,10): fatal error C1083: Cannot open include file: 'unwind.h': No such file or directory [D:\Dropbox\pbrt-v3\build\CMakeFiles\CMakeTmp\cmTC_d6895.vcxproj]



Determining if the include file ext/hash_map exists failed with the following output:
Change Dir: D:/Dropbox/pbrt-v3/build/CMakeFiles/CMakeTmp

Run Build Command(s):C:/Program Files (x86)/Microsoft Visual Studio/2019/Community/MSBuild/Current/Bin/MSBuild.exe cmTC_c20a9.vcxproj /p:Configuration=Debug /p:Platform=x64 /p:VisualStudioVersion=16.0 /v:m && Microsoft (R) Build Engine version 16.3.2+e481bbf88 for .NET Framework
Copyright (C) Microsoft Corporation. All rights reserved.

  Microsoft (R) C/C++ Optimizing Compiler Version 19.23.28107 for x64
  CheckIncludeFile.cxx
  Copyright (C) Microsoft Corporation.  All rights reserved.
  cl /c /Zi /W3 /WX- /diagnostics:column /Od /Ob0 /D WIN32 /D _WINDOWS /D "CMAKE_INTDIR=\"Debug\"" /D _MBCS /Gm- /EHsc /RTC1 /MDd /GS /fp:precise /Zc:wchar_t /Zc:forScope /Zc:inline /GR /Fo"cmTC_c20a9.dir\Debug\\" /Fd"cmTC_c20a9.dir\Debug\vc142.pdb" /Gd /TP /errorReport:queue "D:\Dropbox\pbrt-v3\build\CMakeFiles\CMakeTmp\CheckIncludeFile.cxx"
D:\Dropbox\pbrt-v3\build\CMakeFiles\CMakeTmp\CheckIncludeFile.cxx(1,10): fatal error C1083: Cannot open include file: 'ext/hash_map': No such file or directory [D:\Dropbox\pbrt-v3\build\CMakeFiles\CMakeTmp\cmTC_c20a9.vcxproj]



Determining if the include file ext/hash_set exists failed with the following output:
Change Dir: D:/Dropbox/pbrt-v3/build/CMakeFiles/CMakeTmp

Run Build Command(s):C:/Program Files (x86)/Microsoft Visual Studio/2019/Community/MSBuild/Current/Bin/MSBuild.exe cmTC_7cecd.vcxproj /p:Configuration=Debug /p:Platform=x64 /p:VisualStudioVersion=16.0 /v:m && Microsoft (R) Build Engine version 16.3.2+e481bbf88 for .NET Framework
Copyright (C) Microsoft Corporation. All rights reserved.

  Microsoft (R) C/C++ Optimizing Compiler Version 19.23.28107 for x64
  CheckIncludeFile.cxx
  Copyright (C) Microsoft Corporation.  All rights reserved.
  cl /c /Zi /W3 /WX- /diagnostics:column /Od /Ob0 /D WIN32 /D _WINDOWS /D "CMAKE_INTDIR=\"Debug\"" /D _MBCS /Gm- /EHsc /RTC1 /MDd /GS /fp:precise /Zc:wchar_t /Zc:forScope /Zc:inline /GR /Fo"cmTC_7cecd.dir\Debug\\" /Fd"cmTC_7cecd.dir\Debug\vc142.pdb" /Gd /TP /errorReport:queue "D:\Dropbox\pbrt-v3\build\CMakeFiles\CMakeTmp\CheckIncludeFile.cxx"
D:\Dropbox\pbrt-v3\build\CMakeFiles\CMakeTmp\CheckIncludeFile.cxx(1,10): fatal error C1083: Cannot open include file: 'ext/hash_set': No such file or directory [D:\Dropbox\pbrt-v3\build\CMakeFiles\CMakeTmp\cmTC_7cecd.vcxproj]



Determining if the include file ext/slist exists failed with the following output:
Change Dir: D:/Dropbox/pbrt-v3/build/CMakeFiles/CMakeTmp

Run Build Command(s):C:/Program Files (x86)/Microsoft Visual Studio/2019/Community/MSBuild/Current/Bin/MSBuild.exe cmTC_01e71.vcxproj /p:Configuration=Debug /p:Platform=x64 /p:VisualStudioVersion=16.0 /v:m && Microsoft (R) Build Engine version 16.3.2+e481bbf88 for .NET Framework
Copyright (C) Microsoft Corporation. All rights reserved.

  Microsoft (R) C/C++ Optimizing Compiler Version 19.23.28107 for x64
  CheckIncludeFile.cxx
  Copyright (C) Microsoft Corporation.  All rights reserved.
  cl /c /Zi /W3 /WX- /diagnostics:column /Od /Ob0 /D WIN32 /D _WINDOWS /D "CMAKE_INTDIR=\"Debug\"" /D _MBCS /Gm- /EHsc /RTC1 /MDd /GS /fp:precise /Zc:wchar_t /Zc:forScope /Zc:inline /GR /Fo"cmTC_01e71.dir\Debug\\" /Fd"cmTC_01e71.dir\Debug\vc142.pdb" /Gd /TP /errorReport:queue "D:\Dropbox\pbrt-v3\build\CMakeFiles\CMakeTmp\CheckIncludeFile.cxx"
D:\Dropbox\pbrt-v3\build\CMakeFiles\CMakeTmp\CheckIncludeFile.cxx(1,10): fatal error C1083: Cannot open include file: 'ext/slist': No such file or directory [D:\Dropbox\pbrt-v3\build\CMakeFiles\CMakeTmp\cmTC_01e71.vcxproj]



Determining if the include file tr1/unordered_map exists failed with the following output:
Change Dir: D:/Dropbox/pbrt-v3/build/CMakeFiles/CMakeTmp

Run Build Command(s):C:/Program Files (x86)/Microsoft Visual Studio/2019/Community/MSBuild/Current/Bin/MSBuild.exe cmTC_bd963.vcxproj /p:Configuration=Debug /p:Platform=x64 /p:VisualStudioVersion=16.0 /v:m && Microsoft (R) Build Engine version 16.3.2+e481bbf88 for .NET Framework
Copyright (C) Microsoft Corporation. All rights reserved.

  Microsoft (R) C/C++ Optimizing Compiler Version 19.23.28107 for x64
  CheckIncludeFile.cxx
  Copyright (C) Microsoft Corporation.  All rights reserved.
  cl /c /Zi /W3 /WX- /diagnostics:column /Od /Ob0 /D WIN32 /D _WINDOWS /D "CMAKE_INTDIR=\"Debug\"" /D _MBCS /Gm- /EHsc /RTC1 /MDd /GS /fp:precise /Zc:wchar_t /Zc:forScope /Zc:inline /GR /Fo"cmTC_bd963.dir\Debug\\" /Fd"cmTC_bd963.dir\Debug\vc142.pdb" /Gd /TP /errorReport:queue "D:\Dropbox\pbrt-v3\build\CMakeFiles\CMakeTmp\CheckIncludeFile.cxx"
D:\Dropbox\pbrt-v3\build\CMakeFiles\CMakeTmp\CheckIncludeFile.cxx(1,10): fatal error C1083: Cannot open include file: 'tr1/unordered_map': No such file or directory [D:\Dropbox\pbrt-v3\build\CMakeFiles\CMakeTmp\cmTC_bd963.vcxproj]



Determining if the include file tr1/unordered_set exists failed with the following output:
Change Dir: D:/Dropbox/pbrt-v3/build/CMakeFiles/CMakeTmp

Run Build Command(s):C:/Program Files (x86)/Microsoft Visual Studio/2019/Community/MSBuild/Current/Bin/MSBuild.exe cmTC_6de97.vcxproj /p:Configuration=Debug /p:Platform=x64 /p:VisualStudioVersion=16.0 /v:m && Microsoft (R) Build Engine version 16.3.2+e481bbf88 for .NET Framework
Copyright (C) Microsoft Corporation. All rights reserved.

  Microsoft (R) C/C++ Optimizing Compiler Version 19.23.28107 for x64
  Copyright (C) Microsoft Corporation.  All rights reserved.
  cl /c /Zi /W3 /WX- /diagnostics:column /Od /Ob0 /D WIN32 /D _WINDOWS /D "CMAKE_INTDIR=\"Debug\"" /D _MBCS /Gm- /EHsc /RTC1 /MDd /GS /fp:precise /Zc:wchar_t /Zc:forScope /Zc:inline /GR /Fo"cmTC_6de97.dir\Debug\\" /Fd"cmTC_6de97.dir\Debug\vc142.pdb" /Gd /TP /errorReport:queue "D:\Dropbox\pbrt-v3\build\CMakeFiles\CMakeTmp\CheckIncludeFile.cxx"
  CheckIncludeFile.cxx
D:\Dropbox\pbrt-v3\build\CMakeFiles\CMakeTmp\CheckIncludeFile.cxx(1,10): fatal error C1083: Cannot open include file: 'tr1/unordered_set': No such file or directory [D:\Dropbox\pbrt-v3\build\CMakeFiles\CMakeTmp\cmTC_6de97.vcxproj]



Determining size of u_int16_t failed with the following output:
Change Dir: D:/Dropbox/pbrt-v3/build/CMakeFiles/CMakeTmp

Run Build Command(s):C:/Program Files (x86)/Microsoft Visual Studio/2019/Community/MSBuild/Current/Bin/MSBuild.exe cmTC_e3308.vcxproj /p:Configuration=Debug /p:Platform=x64 /p:VisualStudioVersion=16.0 /v:m && Microsoft (R) Build Engine version 16.3.2+e481bbf88 for .NET Framework
Copyright (C) Microsoft Corporation. All rights reserved.

  Microsoft (R) C/C++ Optimizing Compiler Version 19.23.28107 for x64
  HAVE_U_INT16_T.c
  Copyright (C) Microsoft Corporation.  All rights reserved.
  cl /c /Zi /W3 /WX- /diagnostics:column /Od /Ob0 /D WIN32 /D _WINDOWS /D "CMAKE_INTDIR=\"Debug\"" /D _MBCS /Gm- /RTC1 /MDd /GS /fp:precise /Zc:wchar_t /Zc:forScope /Zc:inline /Fo"cmTC_e3308.dir\Debug\\" /Fd"cmTC_e3308.dir\Debug\vc142.pdb" /Gd /TC /errorReport:queue "D:\Dropbox\pbrt-v3\build\CMakeFiles\CheckTypeSize\HAVE_U_INT16_T.c"
D:\Dropbox\pbrt-v3\build\CMakeFiles\CheckTypeSize\HAVE_U_INT16_T.c(25,12): error C2065: 'u_int16_t': undeclared identifier [D:\Dropbox\pbrt-v3\build\CMakeFiles\CMakeTmp\cmTC_e3308.vcxproj]
D:\Dropbox\pbrt-v3\build\CMakeFiles\CheckTypeSize\HAVE_U_INT16_T.c(26,12): error C2065: 'u_int16_t': undeclared identifier [D:\Dropbox\pbrt-v3\build\CMakeFiles\CMakeTmp\cmTC_e3308.vcxproj]
D:\Dropbox\pbrt-v3\build\CMakeFiles\CheckTypeSize\HAVE_U_INT16_T.c(27,12): error C2065: 'u_int16_t': undeclared identifier [D:\Dropbox\pbrt-v3\build\CMakeFiles\CMakeTmp\cmTC_e3308.vcxproj]
D:\Dropbox\pbrt-v3\build\CMakeFiles\CheckTypeSize\HAVE_U_INT16_T.c(28,12): error C2065: 'u_int16_t': undeclared identifier [D:\Dropbox\pbrt-v3\build\CMakeFiles\CMakeTmp\cmTC_e3308.vcxproj]
D:\Dropbox\pbrt-v3\build\CMakeFiles\CheckTypeSize\HAVE_U_INT16_T.c(29,12): error C2065: 'u_int16_t': undeclared identifier [D:\Dropbox\pbrt-v3\build\CMakeFiles\CMakeTmp\cmTC_e3308.vcxproj]


D:/Dropbox/pbrt-v3/build/CMakeFiles/CheckTypeSize/HAVE_U_INT16_T.c:
#include <sys/types.h>
#include <stdint.h>
#include <stddef.h>


#undef KEY
#if defined(__i386)
# define KEY '_','_','i','3','8','6'
#elif defined(__x86_64)
# define KEY '_','_','x','8','6','_','6','4'
#elif defined(__ppc__)
# define KEY '_','_','p','p','c','_','_'
#elif defined(__ppc64__)
# define KEY '_','_','p','p','c','6','4','_','_'
#elif defined(__aarch64__)
# define KEY '_','_','a','a','r','c','h','6','4','_','_'
#elif defined(__ARM_ARCH_7A__)
# define KEY '_','_','A','R','M','_','A','R','C','H','_','7','A','_','_'
#elif defined(__ARM_ARCH_7S__)
# define KEY '_','_','A','R','M','_','A','R','C','H','_','7','S','_','_'
#endif

#define SIZE (sizeof(u_int16_t))
static char info_size[] =  {'I', 'N', 'F', 'O', ':', 's','i','z','e','[',
  ('0' + ((SIZE / 10000)%10)),
  ('0' + ((SIZE / 1000)%10)),
  ('0' + ((SIZE / 100)%10)),
  ('0' + ((SIZE / 10)%10)),
  ('0' +  (SIZE    % 10)),
  ']',
#ifdef KEY
  ' ','k','e','y','[', KEY, ']',
#endif
  '\0'};

#ifdef __CLASSIC_C__
int main(argc, argv) int argc; char *argv[];
#else
int main(int argc, char *argv[])
#endif
{
  int require = 0;
  require += info_size[argc];
  (void)argv;
  return require;
}


Determining if the function dladdr exists failed with the following output:
Change Dir: D:/Dropbox/pbrt-v3/build/CMakeFiles/CMakeTmp

Run Build Command(s):C:/Program Files (x86)/Microsoft Visual Studio/2019/Community/MSBuild/Current/Bin/MSBuild.exe cmTC_07836.vcxproj /p:Configuration=Debug /p:Platform=x64 /p:VisualStudioVersion=16.0 /v:m && Microsoft (R) Build Engine version 16.3.2+e481bbf88 for .NET Framework
Copyright (C) Microsoft Corporation. All rights reserved.

  Microsoft (R) C/C++ Optimizing Compiler Version 19.23.28107 for x64
  CheckFunctionExists.c
  Copyright (C) Microsoft Corporation.  All rights reserved.
  cl /c /Zi /W3 /WX- /diagnostics:column /Od /Ob0 /D WIN32 /D _WINDOWS /D CHECK_FUNCTION_EXISTS=dladdr /D "CMAKE_INTDIR=\"Debug\"" /D _MBCS /Gm- /RTC1 /MDd /GS /fp:precise /Zc:wchar_t /Zc:forScope /Zc:inline /Fo"cmTC_07836.dir\Debug\\" /Fd"cmTC_07836.dir\Debug\vc142.pdb" /Gd /TC /errorReport:queue "C:\Program Files\CMake\share\cmake-3.16\Modules\CheckFunctionExists.c"
CheckFunctionExists.obj : error LNK2019: unresolved external symbol dladdr referenced in function main [D:\Dropbox\pbrt-v3\build\CMakeFiles\CMakeTmp\cmTC_07836.vcxproj]
D:\Dropbox\pbrt-v3\build\CMakeFiles\CMakeTmp\Debug\cmTC_07836.exe : fatal error LNK1120: 1 unresolved externals [D:\Dropbox\pbrt-v3\build\CMakeFiles\CMakeTmp\cmTC_07836.vcxproj]



Determining if the function fcntl exists failed with the following output:
Change Dir: D:/Dropbox/pbrt-v3/build/CMakeFiles/CMakeTmp

Run Build Command(s):C:/Program Files (x86)/Microsoft Visual Studio/2019/Community/MSBuild/Current/Bin/MSBuild.exe cmTC_1b2a9.vcxproj /p:Configuration=Debug /p:Platform=x64 /p:VisualStudioVersion=16.0 /v:m && Microsoft (R) Build Engine version 16.3.2+e481bbf88 for .NET Framework
Copyright (C) Microsoft Corporation. All rights reserved.

  Microsoft (R) C/C++ Optimizing Compiler Version 19.23.28107 for x64
  CheckFunctionExists.c
  Copyright (C) Microsoft Corporation.  All rights reserved.
  cl /c /Zi /W3 /WX- /diagnostics:column /Od /Ob0 /D WIN32 /D _WINDOWS /D CHECK_FUNCTION_EXISTS=fcntl /D "CMAKE_INTDIR=\"Debug\"" /D _MBCS /Gm- /RTC1 /MDd /GS /fp:precise /Zc:wchar_t /Zc:forScope /Zc:inline /Fo"cmTC_1b2a9.dir\Debug\\" /Fd"cmTC_1b2a9.dir\Debug\vc142.pdb" /Gd /TC /errorReport:queue "C:\Program Files\CMake\share\cmake-3.16\Modules\CheckFunctionExists.c"
CheckFunctionExists.obj : error LNK2019: unresolved external symbol fcntl referenced in function main [D:\Dropbox\pbrt-v3\build\CMakeFiles\CMakeTmp\cmTC_1b2a9.vcxproj]
D:\Dropbox\pbrt-v3\build\CMakeFiles\CMakeTmp\Debug\cmTC_1b2a9.exe : fatal error LNK1120: 1 unresolved externals [D:\Dropbox\pbrt-v3\build\CMakeFiles\CMakeTmp\cmTC_1b2a9.vcxproj]



Determining if the function pread exists failed with the following output:
Change Dir: D:/Dropbox/pbrt-v3/build/CMakeFiles/CMakeTmp

Run Build Command(s):C:/Program Files (x86)/Microsoft Visual Studio/2019/Community/MSBuild/Current/Bin/MSBuild.exe cmTC_c12b8.vcxproj /p:Configuration=Debug /p:Platform=x64 /p:VisualStudioVersion=16.0 /v:m && Microsoft (R) Build Engine version 16.3.2+e481bbf88 for .NET Framework
Copyright (C) Microsoft Corporation. All rights reserved.

  Microsoft (R) C/C++ Optimizing Compiler Version 19.23.28107 for x64
  CheckFunctionExists.c
  Copyright (C) Microsoft Corporation.  All rights reserved.
  cl /c /Zi /W3 /WX- /diagnostics:column /Od /Ob0 /D WIN32 /D _WINDOWS /D CHECK_FUNCTION_EXISTS=pread /D "CMAKE_INTDIR=\"Debug\"" /D _MBCS /Gm- /RTC1 /MDd /GS /fp:precise /Zc:wchar_t /Zc:forScope /Zc:inline /Fo"cmTC_c12b8.dir\Debug\\" /Fd"cmTC_c12b8.dir\Debug\vc142.pdb" /Gd /TC /errorReport:queue "C:\Program Files\CMake\share\cmake-3.16\Modules\CheckFunctionExists.c"
CheckFunctionExists.obj : error LNK2019: unresolved external symbol pread referenced in function main [D:\Dropbox\pbrt-v3\build\CMakeFiles\CMakeTmp\cmTC_c12b8.vcxproj]
D:\Dropbox\pbrt-v3\build\CMakeFiles\CMakeTmp\Debug\cmTC_c12b8.exe : fatal error LNK1120: 1 unresolved externals [D:\Dropbox\pbrt-v3\build\CMakeFiles\CMakeTmp\cmTC_c12b8.vcxproj]



Determining if the function pwrite exists failed with the following output:
Change Dir: D:/Dropbox/pbrt-v3/build/CMakeFiles/CMakeTmp

Run Build Command(s):C:/Program Files (x86)/Microsoft Visual Studio/2019/Community/MSBuild/Current/Bin/MSBuild.exe cmTC_9e5f1.vcxproj /p:Configuration=Debug /p:Platform=x64 /p:VisualStudioVersion=16.0 /v:m && Microsoft (R) Build Engine version 16.3.2+e481bbf88 for .NET Framework
Copyright (C) Microsoft Corporation. All rights reserved.

  Microsoft (R) C/C++ Optimizing Compiler Version 19.23.28107 for x64
  CheckFunctionExists.c
  Copyright (C) Microsoft Corporation.  All rights reserved.
  cl /c /Zi /W3 /WX- /diagnostics:column /Od /Ob0 /D WIN32 /D _WINDOWS /D CHECK_FUNCTION_EXISTS=pwrite /D "CMAKE_INTDIR=\"Debug\"" /D _MBCS /Gm- /RTC1 /MDd /GS /fp:precise /Zc:wchar_t /Zc:forScope /Zc:inline /Fo"cmTC_9e5f1.dir\Debug\\" /Fd"cmTC_9e5f1.dir\Debug\vc142.pdb" /Gd /TC /errorReport:queue "C:\Program Files\CMake\share\cmake-3.16\Modules\CheckFunctionExists.c"
CheckFunctionExists.obj : error LNK2019: unresolved external symbol pwrite referenced in function main [D:\Dropbox\pbrt-v3\build\CMakeFiles\CMakeTmp\cmTC_9e5f1.vcxproj]
D:\Dropbox\pbrt-v3\build\CMakeFiles\CMakeTmp\Debug\cmTC_9e5f1.exe : fatal error LNK1120: 1 unresolved externals [D:\Dropbox\pbrt-v3\build\CMakeFiles\CMakeTmp\cmTC_9e5f1.vcxproj]



Determining if the function sigaction exists failed with the following output:
Change Dir: D:/Dropbox/pbrt-v3/build/CMakeFiles/CMakeTmp

Run Build Command(s):C:/Program Files (x86)/Microsoft Visual Studio/2019/Community/MSBuild/Current/Bin/MSBuild.exe cmTC_bf209.vcxproj /p:Configuration=Debug /p:Platform=x64 /p:VisualStudioVersion=16.0 /v:m && Microsoft (R) Build Engine version 16.3.2+e481bbf88 for .NET Framework
Copyright (C) Microsoft Corporation. All rights reserved.

  Microsoft (R) C/C++ Optimizing Compiler Version 19.23.28107 for x64
  CheckFunctionExists.c
  Copyright (C) Microsoft Corporation.  All rights reserved.
  cl /c /Zi /W3 /WX- /diagnostics:column /Od /Ob0 /D WIN32 /D _WINDOWS /D CHECK_FUNCTION_EXISTS=sigaction /D "CMAKE_INTDIR=\"Debug\"" /D _MBCS /Gm- /RTC1 /MDd /GS /fp:precise /Zc:wchar_t /Zc:forScope /Zc:inline /Fo"cmTC_bf209.dir\Debug\\" /Fd"cmTC_bf209.dir\Debug\vc142.pdb" /Gd /TC /errorReport:queue "C:\Program Files\CMake\share\cmake-3.16\Modules\CheckFunctionExists.c"
CheckFunctionExists.obj : error LNK2019: unresolved external symbol sigaction referenced in function main [D:\Dropbox\pbrt-v3\build\CMakeFiles\CMakeTmp\cmTC_bf209.vcxproj]
D:\Dropbox\pbrt-v3\build\CMakeFiles\CMakeTmp\Debug\cmTC_bf209.exe : fatal error LNK1120: 1 unresolved externals [D:\Dropbox\pbrt-v3\build\CMakeFiles\CMakeTmp\cmTC_bf209.vcxproj]



Determining if the function sigaltstack exists failed with the following output:
Change Dir: D:/Dropbox/pbrt-v3/build/CMakeFiles/CMakeTmp

Run Build Command(s):C:/Program Files (x86)/Microsoft Visual Studio/2019/Community/MSBuild/Current/Bin/MSBuild.exe cmTC_ff882.vcxproj /p:Configuration=Debug /p:Platform=x64 /p:VisualStudioVersion=16.0 /v:m && Microsoft (R) Build Engine version 16.3.2+e481bbf88 for .NET Framework
Copyright (C) Microsoft Corporation. All rights reserved.

  Microsoft (R) C/C++ Optimizing Compiler Version 19.23.28107 for x64
  CheckFunctionExists.c
  Copyright (C) Microsoft Corporation.  All rights reserved.
  cl /c /Zi /W3 /WX- /diagnostics:column /Od /Ob0 /D WIN32 /D _WINDOWS /D CHECK_FUNCTION_EXISTS=sigaltstack /D "CMAKE_INTDIR=\"Debug\"" /D _MBCS /Gm- /RTC1 /MDd /GS /fp:precise /Zc:wchar_t /Zc:forScope /Zc:inline /Fo"cmTC_ff882.dir\Debug\\" /Fd"cmTC_ff882.dir\Debug\vc142.pdb" /Gd /TC /errorReport:queue "C:\Program Files\CMake\share\cmake-3.16\Modules\CheckFunctionExists.c"
CheckFunctionExists.obj : error LNK2019: unresolved external symbol sigaltstack referenced in function main [D:\Dropbox\pbrt-v3\build\CMakeFiles\CMakeTmp\cmTC_ff882.vcxproj]
D:\Dropbox\pbrt-v3\build\CMakeFiles\CMakeTmp\Debug\cmTC_ff882.exe : fatal error LNK1120: 1 unresolved externals [D:\Dropbox\pbrt-v3\build\CMakeFiles\CMakeTmp\cmTC_ff882.vcxproj]



Performing C++ SOURCE FILE Test HAVE_NO_DEPRECATED failed with the following output:
Change Dir: D:/Dropbox/pbrt-v3/build/CMakeFiles/CMakeTmp

Run Build Command(s):C:/Program Files (x86)/Microsoft Visual Studio/2019/Community/MSBuild/Current/Bin/MSBuild.exe cmTC_7899a.vcxproj /p:Configuration=Debug /p:Platform=x64 /p:VisualStudioVersion=16.0 /v:m && Microsoft (R) Build Engine version 16.3.2+e481bbf88 for .NET Framework
Copyright (C) Microsoft Corporation. All rights reserved.

  Microsoft (R) C/C++ Optimizing Compiler Version 19.23.28107 for x64
  Copyright (C) Microsoft Corporation.  All rights reserved.
  cl /c /Zi /W3 /WX- /diagnostics:column /Od /Ob0 /D WIN32 /D _WINDOWS /D HAVE_NO_DEPRECATED /D "CMAKE_INTDIR=\"Debug\"" /D _MBCS /Gm- /EHsc /RTC1 /MDd /GS /fp:precise /Zc:wchar_t /Zc:forScope /Zc:inline /GR /Fo"cmTC_7899a.dir\Debug\\" /Fd"cmTC_7899a.dir\Debug\vc142.pdb" /Gd /TP /errorReport:queue  -Wno-deprecated "D:\Dropbox\pbrt-v3\build\CMakeFiles\CMakeTmp\src.cxx"
cl : command line error D8021: invalid numeric argument '/Wno-deprecated' [D:\Dropbox\pbrt-v3\build\CMakeFiles\CMakeTmp\cmTC_7899a.vcxproj]


Source file was:
int main() { return 0; }
Performing C++ SOURCE FILE Test HAVE_NO_UNNAMED_TYPE_TEMPLATE_ARGS failed with the following output:
Change Dir: D:/Dropbox/pbrt-v3/build/CMakeFiles/CMakeTmp

Run Build Command(s):C:/Program Files (x86)/Microsoft Visual Studio/2019/Community/MSBuild/Current/Bin/MSBuild.exe cmTC_0d842.vcxproj /p:Configuration=Debug /p:Platform=x64 /p:VisualStudioVersion=16.0 /v:m && Microsoft (R) Build Engine version 16.3.2+e481bbf88 for .NET Framework
Copyright (C) Microsoft Corporation. All rights reserved.

  Microsoft (R) C/C++ Optimizing Compiler Version 19.23.28107 for x64
  Copyright (C) Microsoft Corporation.  All rights reserved.
  cl /c /Zi /W3 /WX- /diagnostics:column /Od /Ob0 /D WIN32 /D _WINDOWS /D HAVE_NO_UNNAMED_TYPE_TEMPLATE_ARGS /D "CMAKE_INTDIR=\"Debug\"" /D _MBCS /Gm- /EHsc /RTC1 /MDd /GS /fp:precise /Zc:wchar_t /Zc:forScope /Zc:inline /GR /Fo"cmTC_0d842.dir\Debug\\" /Fd"cmTC_0d842.dir\Debug\vc142.pdb" /Gd /TP /errorReport:queue  -Wno-unnamed-type-template-args "D:\Dropbox\pbrt-v3\build\CMakeFiles\CMakeTmp\src.cxx"
cl : command line error D8021: invalid numeric argument '/Wno-unnamed-type-template-args' [D:\Dropbox\pbrt-v3\build\CMakeFiles\CMakeTmp\cmTC_0d842.vcxproj]


Source file was:
int main() { return 0; }
Determining if the function get_static_proc_name exists in the unwind failed with the following output:
Change Dir: D:/Dropbox/pbrt-v3/build/CMakeFiles/CMakeTmp

Run Build Command(s):C:/Program Files (x86)/Microsoft Visual Studio/2019/Community/MSBuild/Current/Bin/MSBuild.exe cmTC_7f8d7.vcxproj /p:Configuration=Debug /p:Platform=x64 /p:VisualStudioVersion=16.0 /v:m && Microsoft (R) Build Engine version 16.3.2+e481bbf88 for .NET Framework
Copyright (C) Microsoft Corporation. All rights reserved.

  Microsoft (R) C/C++ Optimizing Compiler Version 19.23.28107 for x64
  CheckFunctionExists.c
  Copyright (C) Microsoft Corporation.  All rights reserved.
  cl /c /Zi /W3 /WX- /diagnostics:column /Od /Ob0 /D WIN32 /D _WINDOWS /D CHECK_FUNCTION_EXISTS=get_static_proc_name /D "CMAKE_INTDIR=\"Debug\"" /D _MBCS /Gm- /RTC1 /MDd /GS /fp:precise /Zc:wchar_t /Zc:forScope /Zc:inline /Fo"cmTC_7f8d7.dir\Debug\\" /Fd"cmTC_7f8d7.dir\Debug\vc142.pdb" /Gd /TC /errorReport:queue "C:\Program Files\CMake\share\cmake-3.16\Modules\CheckFunctionExists.c"
LINK : fatal error LNK1104: cannot open file 'unwind.lib' [D:\Dropbox\pbrt-v3\build\CMakeFiles\CMakeTmp\cmTC_7f8d7.vcxproj]



Performing C SOURCE FILE Test HAVE___ATTRIBUTE__ failed with the following output:
Change Dir: D:/Dropbox/pbrt-v3/build/CMakeFiles/CMakeTmp

Run Build Command(s):C:/Program Files (x86)/Microsoft Visual Studio/2019/Community/MSBuild/Current/Bin/MSBuild.exe cmTC_e3cb2.vcxproj /p:Configuration=Debug /p:Platform=x64 /p:VisualStudioVersion=16.0 /v:m && Microsoft (R) Build Engine version 16.3.2+e481bbf88 for .NET Framework
Copyright (C) Microsoft Corporation. All rights reserved.

  Microsoft (R) C/C++ Optimizing Compiler Version 19.23.28107 for x64
  src.c
  Copyright (C) Microsoft Corporation.  All rights reserved.
  cl /c /Zi /W3 /WX- /diagnostics:column /Od /Ob0 /D WIN32 /D _WINDOWS /D HAVE___ATTRIBUTE__ /D "CMAKE_INTDIR=\"Debug\"" /D _MBCS /Gm- /RTC1 /MDd /GS /fp:precise /Zc:wchar_t /Zc:forScope /Zc:inline /Fo"cmTC_e3cb2.dir\Debug\\" /Fd"cmTC_e3cb2.dir\Debug\vc142.pdb" /Gd /TC /errorReport:queue "D:\Dropbox\pbrt-v3\build\CMakeFiles\CMakeTmp\src.c"
D:\Dropbox\pbrt-v3\build\CMakeFiles\CMakeTmp\src.c(3,23): error C2061: syntax error: identifier '__attribute__' [D:\Dropbox\pbrt-v3\build\CMakeFiles\CMakeTmp\cmTC_e3cb2.vcxproj]
D:\Dropbox\pbrt-v3\build\CMakeFiles\CMakeTmp\src.c(3,23): error C2059: syntax error: ';' [D:\Dropbox\pbrt-v3\build\CMakeFiles\CMakeTmp\cmTC_e3cb2.vcxproj]


Source file was:

#include <stdlib.h>
static void foo(void) __attribute__ ((unused));
int main(void) { return 0; }

Performing C SOURCE FILE Test HAVE___ATTRIBUTE__VISIBILITY_DEFAULT failed with the following output:
Change Dir: D:/Dropbox/pbrt-v3/build/CMakeFiles/CMakeTmp

Run Build Command(s):C:/Program Files (x86)/Microsoft Visual Studio/2019/Community/MSBuild/Current/Bin/MSBuild.exe cmTC_5ae97.vcxproj /p:Configuration=Debug /p:Platform=x64 /p:VisualStudioVersion=16.0 /v:m && Microsoft (R) Build Engine version 16.3.2+e481bbf88 for .NET Framework
Copyright (C) Microsoft Corporation. All rights reserved.

  Microsoft (R) C/C++ Optimizing Compiler Version 19.23.28107 for x64
  src.c
  Copyright (C) Microsoft Corporation.  All rights reserved.
  cl /c /Zi /W3 /WX- /diagnostics:column /Od /Ob0 /D WIN32 /D _WINDOWS /D HAVE___ATTRIBUTE__VISIBILITY_DEFAULT /D "CMAKE_INTDIR=\"Debug\"" /D _MBCS /Gm- /RTC1 /MDd /GS /fp:precise /Zc:wchar_t /Zc:forScope /Zc:inline /Fo"cmTC_5ae97.dir\Debug\\" /Fd"cmTC_5ae97.dir\Debug\vc142.pdb" /Gd /TC /errorReport:queue "D:\Dropbox\pbrt-v3\build\CMakeFiles\CMakeTmp\src.c"
D:\Dropbox\pbrt-v3\build\CMakeFiles\CMakeTmp\src.c(3,23): error C2061: syntax error: identifier '__attribute__' [D:\Dropbox\pbrt-v3\build\CMakeFiles\CMakeTmp\cmTC_5ae97.vcxproj]
D:\Dropbox\pbrt-v3\build\CMakeFiles\CMakeTmp\src.c(3,23): error C2059: syntax error: ';' [D:\Dropbox\pbrt-v3\build\CMakeFiles\CMakeTmp\cmTC_5ae97.vcxproj]
D:\Dropbox\pbrt-v3\build\CMakeFiles\CMakeTmp\src.c(3,50): error C2143: syntax error: missing ')' before 'string' [D:\Dropbox\pbrt-v3\build\CMakeFiles\CMakeTmp\cmTC_5ae97.vcxproj]
D:\Dropbox\pbrt-v3\build\CMakeFiles\CMakeTmp\src.c(3,59): error C2059: syntax error: ')' [D:\Dropbox\pbrt-v3\build\CMakeFiles\CMakeTmp\cmTC_5ae97.vcxproj]
D:\Dropbox\pbrt-v3\build\CMakeFiles\CMakeTmp\src.c(3,60): error C2059: syntax error: ')' [D:\Dropbox\pbrt-v3\build\CMakeFiles\CMakeTmp\cmTC_5ae97.vcxproj]
D:\Dropbox\pbrt-v3\build\CMakeFiles\CMakeTmp\src.c(3,61): error C2059: syntax error: ')' [D:\Dropbox\pbrt-v3\build\CMakeFiles\CMakeTmp\cmTC_5ae97.vcxproj]


Source file was:

#include <stdlib.h>
static void foo(void) __attribute__ ((visibility("default")));
int main(void) { return 0; }

Performing C SOURCE FILE Test HAVE___ATTRIBUTE__VISIBILITY_HIDDEN failed with the following output:
Change Dir: D:/Dropbox/pbrt-v3/build/CMakeFiles/CMakeTmp

Run Build Command(s):C:/Program Files (x86)/Microsoft Visual Studio/2019/Community/MSBuild/Current/Bin/MSBuild.exe cmTC_9afb0.vcxproj /p:Configuration=Debug /p:Platform=x64 /p:VisualStudioVersion=16.0 /v:m && Microsoft (R) Build Engine version 16.3.2+e481bbf88 for .NET Framework
Copyright (C) Microsoft Corporation. All rights reserved.

  Microsoft (R) C/C++ Optimizing Compiler Version 19.23.28107 for x64
  src.c
  Copyright (C) Microsoft Corporation.  All rights reserved.
  cl /c /Zi /W3 /WX- /diagnostics:column /Od /Ob0 /D WIN32 /D _WINDOWS /D HAVE___ATTRIBUTE__VISIBILITY_HIDDEN /D "CMAKE_INTDIR=\"Debug\"" /D _MBCS /Gm- /RTC1 /MDd /GS /fp:precise /Zc:wchar_t /Zc:forScope /Zc:inline /Fo"cmTC_9afb0.dir\Debug\\" /Fd"cmTC_9afb0.dir\Debug\vc142.pdb" /Gd /TC /errorReport:queue "D:\Dropbox\pbrt-v3\build\CMakeFiles\CMakeTmp\src.c"
D:\Dropbox\pbrt-v3\build\CMakeFiles\CMakeTmp\src.c(3,23): error C2061: syntax error: identifier '__attribute__' [D:\Dropbox\pbrt-v3\build\CMakeFiles\CMakeTmp\cmTC_9afb0.vcxproj]
D:\Dropbox\pbrt-v3\build\CMakeFiles\CMakeTmp\src.c(3,23): error C2059: syntax error: ';' [D:\Dropbox\pbrt-v3\build\CMakeFiles\CMakeTmp\cmTC_9afb0.vcxproj]
D:\Dropbox\pbrt-v3\build\CMakeFiles\CMakeTmp\src.c(3,50): error C2143: syntax error: missing ')' before 'string' [D:\Dropbox\pbrt-v3\build\CMakeFiles\CMakeTmp\cmTC_9afb0.vcxproj]
D:\Dropbox\pbrt-v3\build\CMakeFiles\CMakeTmp\src.c(3,58): error C2059: syntax error: ')' [D:\Dropbox\pbrt-v3\build\CMakeFiles\CMakeTmp\cmTC_9afb0.vcxproj]
D:\Dropbox\pbrt-v3\build\CMakeFiles\CMakeTmp\src.c(3,59): error C2059: syntax error: ')' [D:\Dropbox\pbrt-v3\build\CMakeFiles\CMakeTmp\cmTC_9afb0.vcxproj]
D:\Dropbox\pbrt-v3\build\CMakeFiles\CMakeTmp\src.c(3,60): error C2059: syntax error: ')' [D:\Dropbox\pbrt-v3\build\CMakeFiles\CMakeTmp\cmTC_9afb0.vcxproj]


Source file was:

#include <stdlib.h>
static void foo(void) __attribute__ ((visibility("hidden")));
int main(void) { return 0; }

Performing C SOURCE FILE Test HAVE___BUILTIN_EXPECT failed with the following output:
Change Dir: D:/Dropbox/pbrt-v3/build/CMakeFiles/CMakeTmp

Run Build Command(s):C:/Program Files (x86)/Microsoft Visual Studio/2019/Community/MSBuild/Current/Bin/MSBuild.exe cmTC_161e5.vcxproj /p:Configuration=Debug /p:Platform=x64 /p:VisualStudioVersion=16.0 /v:m && Microsoft (R) Build Engine version 16.3.2+e481bbf88 for .NET Framework
Copyright (C) Microsoft Corporation. All rights reserved.

  Microsoft (R) C/C++ Optimizing Compiler Version 19.23.28107 for x64
  src.c
  Copyright (C) Microsoft Corporation.  All rights reserved.
  cl /c /Zi /W3 /WX- /diagnostics:column /Od /Ob0 /D WIN32 /D _WINDOWS /D HAVE___BUILTIN_EXPECT /D "CMAKE_INTDIR=\"Debug\"" /D _MBCS /Gm- /RTC1 /MDd /GS /fp:precise /Zc:wchar_t /Zc:forScope /Zc:inline /Fo"cmTC_161e5.dir\Debug\\" /Fd"cmTC_161e5.dir\Debug\vc142.pdb" /Gd /TC /errorReport:queue "D:\Dropbox\pbrt-v3\build\CMakeFiles\CMakeTmp\src.c"
D:\Dropbox\pbrt-v3\build\CMakeFiles\CMakeTmp\src.c(2,38): warning C4013: '__builtin_expect' undefined; assuming extern returning int [D:\Dropbox\pbrt-v3\build\CMakeFiles\CMakeTmp\cmTC_161e5.vcxproj]
src.obj : error LNK2019: unresolved external symbol __builtin_expect referenced in function main [D:\Dropbox\pbrt-v3\build\CMakeFiles\CMakeTmp\cmTC_161e5.vcxproj]
D:\Dropbox\pbrt-v3\build\CMakeFiles\CMakeTmp\Debug\cmTC_161e5.exe : fatal error LNK1120: 1 unresolved externals [D:\Dropbox\pbrt-v3\build\CMakeFiles\CMakeTmp\cmTC_161e5.vcxproj]


Source file was:

int main(void) { if (__builtin_expect(0, 0)) return 1; return 0; }

Performing C SOURCE FILE Test HAVE___SYNC_VAL_COMPARE_AND_SWAP failed with the following output:
Change Dir: D:/Dropbox/pbrt-v3/build/CMakeFiles/CMakeTmp

Run Build Command(s):C:/Program Files (x86)/Microsoft Visual Studio/2019/Community/MSBuild/Current/Bin/MSBuild.exe cmTC_b7416.vcxproj /p:Configuration=Debug /p:Platform=x64 /p:VisualStudioVersion=16.0 /v:m && Microsoft (R) Build Engine version 16.3.2+e481bbf88 for .NET Framework
Copyright (C) Microsoft Corporation. All rights reserved.

  Microsoft (R) C/C++ Optimizing Compiler Version 19.23.28107 for x64
  src.c
  Copyright (C) Microsoft Corporation.  All rights reserved.
  cl /c /Zi /W3 /WX- /diagnostics:column /Od /Ob0 /D WIN32 /D _WINDOWS /D HAVE___SYNC_VAL_COMPARE_AND_SWAP /D "CMAKE_INTDIR=\"Debug\"" /D _MBCS /Gm- /RTC1 /MDd /GS /fp:precise /Zc:wchar_t /Zc:forScope /Zc:inline /Fo"cmTC_b7416.dir\Debug\\" /Fd"cmTC_b7416.dir\Debug\vc142.pdb" /Gd /TC /errorReport:queue "D:\Dropbox\pbrt-v3\build\CMakeFiles\CMakeTmp\src.c"
D:\Dropbox\pbrt-v3\build\CMakeFiles\CMakeTmp\src.c(4,41): warning C4013: '__sync_val_compare_and_swap' undefined; assuming extern returning int [D:\Dropbox\pbrt-v3\build\CMakeFiles\CMakeTmp\cmTC_b7416.vcxproj]
src.obj : error LNK2019: unresolved external symbol __sync_val_compare_and_swap referenced in function main [D:\Dropbox\pbrt-v3\build\CMakeFiles\CMakeTmp\cmTC_b7416.vcxproj]
D:\Dropbox\pbrt-v3\build\CMakeFiles\CMakeTmp\Debug\cmTC_b7416.exe : fatal error LNK1120: 1 unresolved externals [D:\Dropbox\pbrt-v3\build\CMakeFiles\CMakeTmp\cmTC_b7416.vcxproj]


Source file was:

int main(void)
{
  int a; if (__sync_val_compare_and_swap(&a, 0, 1)) return 1; return 0;
}

Performing C SOURCE FILE Test HAVE_RWLOCK failed with the following output:
Change Dir: D:/Dropbox/pbrt-v3/build/CMakeFiles/CMakeTmp

Run Build Command(s):C:/Program Files (x86)/Microsoft Visual Studio/2019/Community/MSBuild/Current/Bin/MSBuild.exe cmTC_991fe.vcxproj /p:Configuration=Debug /p:Platform=x64 /p:VisualStudioVersion=16.0 /v:m && Microsoft (R) Build Engine version 16.3.2+e481bbf88 for .NET Framework
Copyright (C) Microsoft Corporation. All rights reserved.

  Microsoft (R) C/C++ Optimizing Compiler Version 19.23.28107 for x64
  src.c
  Copyright (C) Microsoft Corporation.  All rights reserved.
  cl /c /Zi /W3 /WX- /diagnostics:column /Od /Ob0 /D WIN32 /D _WINDOWS /D HAVE_RWLOCK /D "CMAKE_INTDIR=\"Debug\"" /D _MBCS /Gm- /RTC1 /MDd /GS /fp:precise /Zc:wchar_t /Zc:forScope /Zc:inline /Fo"cmTC_991fe.dir\Debug\\" /Fd"cmTC_991fe.dir\Debug\vc142.pdb" /Gd /TC /errorReport:queue "D:\Dropbox\pbrt-v3\build\CMakeFiles\CMakeTmp\src.c"
D:\Dropbox\pbrt-v3\build\CMakeFiles\CMakeTmp\src.c(3,10): fatal error C1083: Cannot open include file: 'pthread.h': No such file or directory [D:\Dropbox\pbrt-v3\build\CMakeFiles\CMakeTmp\cmTC_991fe.vcxproj]


Source file was:

#define _XOPEN_SOURCE 500
#include <pthread.h>
int main(void)
{
  pthread_rwlock_t l;
  pthread_rwlock_init(&l, NULL);
  pthread_rwlock_rdlock(&l);
  return 0;
}

Performing C++ SOURCE FILE Test STL_NO_NAMESPACE failed with the following output:
Change Dir: D:/Dropbox/pbrt-v3/build/CMakeFiles/CMakeTmp

Run Build Command(s):C:/Program Files (x86)/Microsoft Visual Studio/2019/Community/MSBuild/Current/Bin/MSBuild.exe cmTC_3eda6.vcxproj /p:Configuration=Debug /p:Platform=x64 /p:VisualStudioVersion=16.0 /v:m && Microsoft (R) Build Engine version 16.3.2+e481bbf88 for .NET Framework
Copyright (C) Microsoft Corporation. All rights reserved.

  Microsoft (R) C/C++ Optimizing Compiler Version 19.23.28107 for x64
  src.cxx
  Copyright (C) Microsoft Corporation.  All rights reserved.
  cl /c /Zi /W3 /WX- /diagnostics:column /Od /Ob0 /D WIN32 /D _WINDOWS /D STL_NO_NAMESPACE /D "CMAKE_INTDIR=\"Debug\"" /D _MBCS /Gm- /EHsc /RTC1 /MDd /GS /fp:precise /Zc:wchar_t /Zc:forScope /Zc:inline /GR /Fo"cmTC_3eda6.dir\Debug\\" /Fd"cmTC_3eda6.dir\Debug\vc142.pdb" /Gd /TP /errorReport:queue "D:\Dropbox\pbrt-v3\build\CMakeFiles\CMakeTmp\src.cxx"
D:\Dropbox\pbrt-v3\build\CMakeFiles\CMakeTmp\src.cxx(3,7): error C2143: syntax error: missing ';' before '<' [D:\Dropbox\pbrt-v3\build\CMakeFiles\CMakeTmp\cmTC_3eda6.vcxproj]
D:\Dropbox\pbrt-v3\build\CMakeFiles\CMakeTmp\src.cxx(3,11): error C4430: missing type specifier - int assumed. Note: C++ does not support default-int [D:\Dropbox\pbrt-v3\build\CMakeFiles\CMakeTmp\cmTC_3eda6.vcxproj]


Source file was:

#include <vector>
vector<int> t; int main() { }

